<?xml version="1.0" encoding="UTF-8"?>
<testsuite xmlns:xsi="http://www.w3.org/2001/XMLSchema-instance" xsi:noNamespaceSchemaLocation="https://maven.apache.org/surefire/maven-surefire-plugin/xsd/surefire-test-report-3.0.xsd" version="3.0" name="nepaliromanizer.TransliterationTest" time="0.506" tests="41" errors="0" skipped="0" failures="0">
  <properties>
[...]
</properties>
  <testcase name="testEmptyInput" classname="nepaliromanizer.TransliterationTest" time="0.072"/>
  <testcase name="testNameaste" classname="nepaliromanizer.TransliterationTest" time="0.02"/>
  <testcase name="testFacadeTransliterationOnly" classname="nepaliromanizer.TransliterationTest" time="0.018"/>
  <testcase name="testVerbatimEscape" classname="nepaliromanizer.TransliterationTest" time="0.008"/>
  <testcase name="testNepal" classname="nepaliromanizer.TransliterationTest" time="0.007"/>
  <testcase name="testLanguagePair" classname="nepaliromanizer.TransliterationTest" time="0.007"/>
  <testcase name="testConsonants(String, String)[1]" classname="nepaliromanizer.TransliterationTest" time="0.033"/>
  <testcase name="testConsonants(String, String)[2]" classname="nepaliromanizer.TransliterationTest" time="0.003"/>
  <testcase name="testConsonants(String, String)[3]" classname="nepaliromanizer.TransliterationTest" time="0.004"/>
  <testcase name="testConsonants(String, String)[4]" classname="nepaliromanizer.TransliterationTest" time="0.005"/>
  <testcase name="testConsonants(String, String)[5]" classname="nepaliromanizer.TransliterationTest" time="0.004"/>
  <testcase name="testConsonants(String, String)[6]" classname="nepaliromanizer.TransliterationTest" time="0.003"/>
  <testcase name="testConsonants(String, String)[7]" classname="nepaliromanizer.TransliterationTest" time="0.004"/>
  <testcase name="testConsonants(String, String)[8]" classname="nepaliromanizer.TransliterationTest" time="0.004"/>
  <testcase name="testConsonants(String, String)[9]" classname="nepaliromanizer.TransliterationTest" time="0.004"/>
  <testcase name="testConsonants(String, String)[10]" classname="nepaliromanizer.TransliterationTest" time="0.003"/>
  <testcase name="testConsonants(String, String)[11]" classname="nepaliromanizer.TransliterationTest" time="0.003"/>
  <testcase name="testConsonants(String, String)[12]" classname="nepaliromanizer.TransliterationTest" time="0.003"/>
  <testcase name="testConsonants(String, String)[13]" classname="nepaliromanizer.TransliterationTest" time="0.002"/>
  <testcase name="testConsonants(String, String)[14]" classname="nepaliromanizer.TransliterationTest" time="0.003"/>
  <testcase name="testConsonants(String, String)[15]" classname="nepaliromanizer.TransliterationTest" time="0.003"/>
  <testcase name="testConsonants(String, String)[16]" classname="nepaliromanizer.TransliterationTest" time="0.003"/>
  <testcase name="testConsonants(String, String)[17]" classname="nepaliromanizer.TransliterationTest" time="0.003"/>
  <testcase name="testConsonants(String, String)[18]" classname="nepaliromanizer.TransliterationTest" time="0.002"/>
  <testcase name="testFacadeUnsupportedPair" classname="nepaliromanizer.TransliterationTest" time="0.05"/>
  <testcase name="testProviderName" classname="nepaliromanizer.TransliterationTest" time="0.002"/>
  <testcase name="testDictionaryOverride" classname="nepaliromanizer.TransliterationTest" time="0.003"/>
  <testcase name="testPeriodToDanda" classname="nepaliromanizer.TransliterationTest" time="0.003"/>
  <testcase name="testNepaliToRomanBasic" classname="nepaliromanizer.TransliterationTest" time="0.002"/>
  <testcase name="testNullInput" classname="nepaliromanizer.TransliterationTest" time="0.003"/>
  <testcase name="testVowels(String, String)[1]" classname="nepaliromanizer.TransliterationTest" time="0.002"/>
  <testcase name="testVowels(String, String)[2]" classname="nepaliromanizer.TransliterationTest" time="0.003"/>
  <testcase name="testVowels(String, String)[3]" classname="nepaliromanizer.TransliterationTest" time="0.003"/>
  <testcase name="testVowels(String, String)[4]" classname="nepaliromanizer.TransliterationTest" time="0.002"/>
  <testcase name="testVowels(String, String)[5]" classname="nepaliromanizer.TransliterationTest" time="0.002"/>
  <testcase name="testVowels(String, String)[6]" classname="nepaliromanizer.TransliterationTest" time="0.002"/>
  <testcase name="testVowels(String, String)[7]" classname="nepaliromanizer.TransliterationTest" time="0.002"/>
  <testcase name="testVowels(String, String)[8]" classname="nepaliromanizer.TransliterationTest" time="0.002"/>
  <testcase name="testVowels(String, String)[9]" classname="nepaliromanizer.TransliterationTest" time="0.003"/>
  <testcase name="testNumbers" classname="nepaliromanizer.TransliterationTest" time="0.003"/>
  <testcase name="testDigitsRoundTrip" classname="nepaliromanizer.TransliterationTest" time="0.003"/>
</testsuite>